0 info it worked if it ends with ok
1 verbose cli [ '/usr/bin/nodejs', '/usr/bin/npm', 'install', 'serialport' ]
2 info using npm@1.4.21
3 info using node@v4.8.2
4 verbose cache add [ 'serialport', null ]
5 verbose cache add name=undefined spec="serialport" args=["serialport",null]
6 verbose parsed url Url {
6 verbose parsed url   protocol: null,
6 verbose parsed url   slashes: null,
6 verbose parsed url   auth: null,
6 verbose parsed url   host: null,
6 verbose parsed url   port: null,
6 verbose parsed url   hostname: null,
6 verbose parsed url   hash: null,
6 verbose parsed url   search: null,
6 verbose parsed url   query: null,
6 verbose parsed url   pathname: 'serialport',
6 verbose parsed url   path: 'serialport',
6 verbose parsed url   href: 'serialport' }
7 silly lockFile de62b558-serialport serialport
8 verbose lock serialport /root/.npm/de62b558-serialport.lock
9 silly lockFile de62b558-serialport serialport
10 silly lockFile de62b558-serialport serialport
11 verbose addNamed [ 'serialport', '' ]
12 verbose addNamed [ null, '*' ]
13 silly lockFile 54883da9-serialport serialport@
14 verbose lock serialport@ /root/.npm/54883da9-serialport.lock
15 silly addNameRange { name: 'serialport', range: '*', hasData: false }
16 verbose request where is /serialport
17 verbose request registry https://registry.npmjs.org/
18 verbose request id 639ef9c6f8096c6e
19 verbose url raw /serialport
20 verbose url resolving [ 'https://registry.npmjs.org/', './serialport' ]
21 verbose url resolved https://registry.npmjs.org/serialport
22 verbose request where is https://registry.npmjs.org/serialport
23 info trying registry request attempt 1 at 18:12:49
24 http GET https://registry.npmjs.org/serialport
25 info retry will retry, error on last attempt: Error: connect ETIMEDOUT 151.101.112.162:443
26 info trying registry request attempt 2 at 18:15:12
27 http GET https://registry.npmjs.org/serialport
28 info retry will retry, error on last attempt: Error: connect ETIMEDOUT 151.101.112.162:443
29 info trying registry request attempt 3 at 18:18:25
30 http GET https://registry.npmjs.org/serialport
31 silly lockFile 54883da9-serialport serialport@
32 silly lockFile 54883da9-serialport serialport@
33 error network connect ETIMEDOUT 151.101.112.162:443
33 error network This is most likely not a problem with npm itself
33 error network and is related to network connectivity.
33 error network In most cases you are behind a proxy or have bad network settings.
33 error network
33 error network If you are behind a proxy, please make sure that the
33 error network 'proxy' config is set properly.  See: 'npm help config'
34 error System Linux 4.9.59-v7+
35 error command "/usr/bin/nodejs" "/usr/bin/npm" "install" "serialport"
36 error cwd /home/pi/blockchainapp
37 error node -v v4.8.2
38 error npm -v 1.4.21
39 error syscall connect
40 error code ETIMEDOUT
41 error errno ETIMEDOUT
42 verbose exit [ 1, true ]
